<?xml version="1.0" encoding="UTF-8"?>
<testng-results skipped="0" failed="0" ignored="0" total="1" passed="1">
  <reporter-output>
  </reporter-output>
  <suite name="Default suite" duration-ms="90209" started-at="2020-06-07T13:56:13Z" finished-at="2020-06-07T13:57:43Z">
    <groups>
    </groups>
    <test name="Default test" duration-ms="90209" started-at="2020-06-07T13:56:13Z" finished-at="2020-06-07T13:57:43Z">
      <class name="com.learning.SelTest.SampleTest">
        <test-method status="PASS" signature="TestM()[pri:0, instance:com.learning.SelTest.SampleTest@275710fc]" name="TestM" duration-ms="89423" started-at="2020-06-07T13:56:14Z" finished-at="2020-06-07T13:57:43Z">
          <reporter-output>
          </reporter-output>
        </test-method> <!-- TestM -->
      </class> <!-- com.learning.SelTest.SampleTest -->
    </test> <!-- Default test -->
  </suite> <!-- Default suite -->
</testng-results>
